jun 25, 2020 1:48:16 AM ejercicioML.MlApplication lambda$0
INFORMACIÓN: USER_ID: 179571326
jun 25, 2020 1:48:16 AM ejercicioML.MlApplication lambda$0
INFORMACIÓN: ID: MLA740540307 || TITLE: Servidor Poweredge Dell T40 Xeon E3-1225 8gb 1tb Hd Free Dos || CATEGORY_ID: MLA1649 || CATEGORY_NAME: PC
jun 25, 2020 1:48:17 AM ejercicioML.MlApplication lambda$0
INFORMACIÓN: ID: MLA857018527 || TITLE: Notebook Laptop Dell Inspiron I5 16g 256ssd Ubuntu Ram || CATEGORY_ID: MLA1652 || CATEGORY_NAME: Notebooks
jun 25, 2020 1:48:17 AM ejercicioML.MlApplication lambda$0
INFORMACIÓN: ID: MLA614270244 || TITLE: Ups Apc 1000va Para Pc Gamer Simil Bx1100 Bv1000i-ar Estabilizador Y Protector De Tension Gtia Oficial 2 Años || CATEGORY_ID: MLA1720 || CATEGORY_NAME: UPS
jun 25, 2020 1:48:17 AM ejercicioML.MlApplication lambda$0
INFORMACIÓN: ID: MLA609550688 || TITLE: Ups Apc Easy 500va Estabilizador Y Protector De Tension Con Ahorro De Energia Gtia Oficial 2 Años || CATEGORY_ID: MLA1720 || CATEGORY_NAME: UPS
jun 25, 2020 1:48:17 AM ejercicioML.MlApplication lambda$0
INFORMACIÓN: ID: MLA861373243 || TITLE: Servidor Rack Dell Poweredge R240 Xeon 32gb 4tb Gtia Cuotas || CATEGORY_ID: MLA1649 || CATEGORY_NAME: PC
jun 25, 2020 1:48:18 AM ejercicioML.MlApplication lambda$0
INFORMACIÓN: ID: MLA663208480 || TITLE: Notebook Laptop Dell Inspiron I5 16g 256ssd Ubuntu Ram || CATEGORY_ID: MLA1652 || CATEGORY_NAME: Notebooks
jun 25, 2020 1:48:18 AM ejercicioML.MlApplication lambda$0
INFORMACIÓN: ID: MLA863064747 || TITLE: Router Linksys Wifi Ea7300 Mimo Smart Router Ac1750 || CATEGORY_ID: MLA430901 || CATEGORY_NAME: Routers
jun 25, 2020 1:48:18 AM ejercicioML.MlApplication lambda$0
INFORMACIÓN: ID: MLA846968526 || TITLE: Ups Apc Bv1000 Estabilza Y Protege Tensión Entrega Inmediata || CATEGORY_ID: MLA1720 || CATEGORY_NAME: UPS
jun 25, 2020 1:48:18 AM ejercicioML.MlApplication lambda$0
INFORMACIÓN: ID: MLA625205834 || TITLE: Ups Apc 800va 6 T Estabilizador Y Protector De Tension Gtia Oficial 2 Años Bx800 Para Tv, Play, Equipos De Audio || CATEGORY_ID: MLA1720 || CATEGORY_NAME: UPS
jun 25, 2020 1:48:19 AM ejercicioML.MlApplication lambda$0
INFORMACIÓN: ID: MLA830836209 || TITLE: Servidor Poweredge Dell T40 Intel E3-2224 8gb 1tb Hd Cuotas || CATEGORY_ID: MLA1649 || CATEGORY_NAME: PC
jun 25, 2020 1:48:19 AM ejercicioML.MlApplication lambda$0
INFORMACIÓN: ID: MLA850688285 || TITLE: Notebook Dell Inspiron I5 256ssd + 1tb 16gb W10 Gforce Ram || CATEGORY_ID: MLA1652 || CATEGORY_NAME: Notebooks
jun 25, 2020 1:48:19 AM ejercicioML.MlApplication lambda$0
INFORMACIÓN: ID: MLA619999038 || TITLE: Ups Apc 550va 3 Tomas Gtia Oficial 2 Años Estabilizador Y Protector De Tension Con Ahorro De Energia || CATEGORY_ID: MLA1720 || CATEGORY_NAME: UPS
jun 25, 2020 1:48:19 AM ejercicioML.MlApplication lambda$0
INFORMACIÓN: ID: MLA665048554 || TITLE: Escaner Kodak Scanmate I940 Portatil De Mano Duplex 20ppm || CATEGORY_ID: MLA72721 || CATEGORY_NAME: Scanners
jun 25, 2020 1:48:20 AM ejercicioML.MlApplication lambda$0
INFORMACIÓN: ID: MLA800416106 || TITLE: Servidor Dell Poweredge R440 Xeon 16gb 2tb Gtia 3 Años || CATEGORY_ID: MLA1649 || CATEGORY_NAME: PC
jun 25, 2020 1:48:20 AM ejercicioML.MlApplication lambda$0
INFORMACIÓN: ID: MLA609714710 || TITLE: Ups Apc 900va Back-ups 6 Tomas Estabilizador Y Protector De Tension Gtia Oficial 2años Br900 Para Tv, Play, Pc || CATEGORY_ID: MLA1720 || CATEGORY_NAME: UPS
jun 25, 2020 1:48:20 AM ejercicioML.MlApplication lambda$0
INFORMACIÓN: ID: MLA846965428 || TITLE: Ups Apc Bv500 Estabilizador Protector Tension Entreg Inmedit || CATEGORY_ID: MLA1720 || CATEGORY_NAME: UPS
jun 25, 2020 1:48:20 AM ejercicioML.MlApplication lambda$0
INFORMACIÓN: ID: MLA723629779 || TITLE: Notebook Dell Vostro I5 14 8g 256ssd Win10 Pro Teclado Con Ñ Gtia De Tienda Oficial - Factura A Y B || CATEGORY_ID: MLA1652 || CATEGORY_NAME: Notebooks
jun 25, 2020 1:48:20 AM ejercicioML.MlApplication lambda$0
INFORMACIÓN: ID: MLA862050665 || TITLE: Servidor Poweredge Dell T40 Intel E3-2224 16gb 1tb Hd Cuotas || CATEGORY_ID: MLA1649 || CATEGORY_NAME: PC
jun 25, 2020 1:48:21 AM ejercicioML.MlApplication lambda$0
INFORMACIÓN: ID: MLA620000215 || TITLE: Router Wifi Linksys Dual Band 2 Antenas Usb 3.0 Conectar Equipos De Hogar Y Empresas Gtia Oficial  Factura A Y B || CATEGORY_ID: MLA430901 || CATEGORY_NAME: Routers
jun 25, 2020 1:48:21 AM ejercicioML.MlApplication lambda$0
INFORMACIÓN: ID: MLA833705652 || TITLE: Notebook Laptop Dell Inspiron I5 10g 16g 256gb Win10 Ram || CATEGORY_ID: MLA1652 || CATEGORY_NAME: Notebooks
jun 25, 2020 1:48:22 AM ejercicioML.MlApplication lambda$0
INFORMACIÓN: ID: MLA683834424 || TITLE: Router Cisco Rv160w Wireless Ac Vpn Dualband Usb Oferta || CATEGORY_ID: MLA430901 || CATEGORY_NAME: Routers
jun 25, 2020 1:48:22 AM ejercicioML.MlApplication lambda$0
INFORMACIÓN: ID: MLA800415543 || TITLE: Servidor Rack Dell Poweredge R240 Xeon 8gb 2tb Gtia Cuotas || CATEGORY_ID: MLA1649 || CATEGORY_NAME: PC
jun 25, 2020 1:48:22 AM ejercicioML.MlApplication lambda$0
INFORMACIÓN: ID: MLA609115444 || TITLE: Ups Apc De Alto Rendimiento 1200va Estabilizador Y Protector De Tension Garantía Oficial De 2 Años Ups || CATEGORY_ID: MLA1720 || CATEGORY_NAME: UPS
jun 25, 2020 1:48:22 AM ejercicioML.MlApplication lambda$0
INFORMACIÓN: ID: MLA614716924 || TITLE: Ups Apc Br550g-ar Back-ups Pro 550va 230 Estabilizador Br550 || CATEGORY_ID: MLA1720 || CATEGORY_NAME: UPS
jun 25, 2020 1:48:22 AM ejercicioML.MlApplication lambda$0
INFORMACIÓN: ID: MLA833393643 || TITLE: Notebook Laptop Dell Inspiron I5 10g 8g 256gb Ubuntu Oferta || CATEGORY_ID: MLA1652 || CATEGORY_NAME: Notebooks
jun 25, 2020 1:48:22 AM ejercicioML.MlApplication lambda$0
INFORMACIÓN: ID: MLA673280398 || TITLE: Servidor Rack Dell Poweredge R240 Xeon E-2124 8gb 2tb Gtia || CATEGORY_ID: MLA1649 || CATEGORY_NAME: PC
jun 25, 2020 1:48:23 AM ejercicioML.MlApplication lambda$0
INFORMACIÓN: ID: MLA841537986 || TITLE: Sccaner Kodak Alaris S2050 50 Ppm Duplex A4 80pa Factura A-b || CATEGORY_ID: MLA72721 || CATEGORY_NAME: Scanners
jun 25, 2020 1:48:23 AM ejercicioML.MlApplication lambda$0
INFORMACIÓN: ID: MLA685442693 || TITLE: Switch Cisco 24 Puertos Gigabit Rack 10/100/1000 || CATEGORY_ID: MLA1708 || CATEGORY_NAME: Switches
jun 25, 2020 1:48:23 AM ejercicioML.MlApplication lambda$0
INFORMACIÓN: ID: MLA609116302 || TITLE: Ups Apc 1500va Con Ahorro De Energa Estabilizador Y Protector De Tension Gtia Oficial Ideal Para Uso Gamer || CATEGORY_ID: MLA1720 || CATEGORY_NAME: UPS
jun 25, 2020 1:48:23 AM ejercicioML.MlApplication lambda$0
INFORMACIÓN: ID: MLA673321805 || TITLE: Ups Apc 1500va Estabilizador Y Protector De Tension - Alto Rendimiento Para Pc De Hogar Y Oficina Gtia 2años || CATEGORY_ID: MLA1720 || CATEGORY_NAME: UPS
jun 25, 2020 1:48:24 AM ejercicioML.MlApplication lambda$0
INFORMACIÓN: ID: MLA812493388 || TITLE: Notebook Dell Vostro I5 14 8g 256ssd Win10 Pro Teclado Con Ñ Gtia De Tienda Oficial - Factura A Y B || CATEGORY_ID: MLA1652 || CATEGORY_NAME: Notebooks
jun 25, 2020 1:48:24 AM ejercicioML.MlApplication lambda$0
INFORMACIÓN: ID: MLA860403296 || TITLE: Servidor Dell Poweredge R440 Xeon 16gb 2tb Gtia 3 Años || CATEGORY_ID: MLA1649 || CATEGORY_NAME: PC
jun 25, 2020 1:48:24 AM ejercicioML.MlApplication lambda$0
INFORMACIÓN: ID: MLA859891702 || TITLE: Ups Apc Smt1000i 1000v 6 Tm Estabilizador Smt1000 || CATEGORY_ID: MLA1720 || CATEGORY_NAME: UPS
jun 25, 2020 1:48:24 AM ejercicioML.MlApplication lambda$0
INFORMACIÓN: ID: MLA689148569 || TITLE: Switch 8 Bocas Cisco 8 Puertos 10/100mbps Para Hogar Y Empresa - Garantia Oficial - Factura A Y B || CATEGORY_ID: MLA1708 || CATEGORY_NAME: Switches
jun 25, 2020 1:48:25 AM ejercicioML.MlApplication lambda$0
INFORMACIÓN: ID: MLA607248903 || TITLE: Ups Apc 550va 3 Tomas Gtia Oficial 2 Años Estabilizador Y Protector De Tension Para El Hogar || CATEGORY_ID: MLA1720 || CATEGORY_NAME: UPS
jun 25, 2020 1:48:25 AM ejercicioML.MlApplication lambda$0
INFORMACIÓN: ID: MLA836303021 || TITLE: Notebook Dell Latitude I5 16gb 256ssd 14 Win10 Pro Ram || CATEGORY_ID: MLA1652 || CATEGORY_NAME: Notebooks
jun 25, 2020 1:48:25 AM ejercicioML.MlApplication lambda$0
INFORMACIÓN: ID: MLA723753317 || TITLE: Ups Apc Br900g-ar 900va 6 Tomas Estabilizador Gtia 2 Años || CATEGORY_ID: MLA1720 || CATEGORY_NAME: UPS
jun 25, 2020 1:48:25 AM ejercicioML.MlApplication lambda$0
INFORMACIÓN: ID: MLA619242948 || TITLE: Router Wifi Linksys Dual Band 600mbps 802.11n Usb || CATEGORY_ID: MLA430901 || CATEGORY_NAME: Routers
jun 25, 2020 1:48:25 AM ejercicioML.MlApplication lambda$0
INFORMACIÓN: ID: MLA670607406 || TITLE: Scanner Iris Iriscan Book 5 De Mano 30ppm Usb 2.0 Ion-litio || CATEGORY_ID: MLA72721 || CATEGORY_NAME: Scanners
jun 25, 2020 1:48:25 AM ejercicioML.MlApplication lambda$0
INFORMACIÓN: ID: MLA714570539 || TITLE: Switch Cisco Sf110d-08hp 8 Puertos Lan 4 Poe No Adm Oferta || CATEGORY_ID: MLA1708 || CATEGORY_NAME: Switches
jun 25, 2020 1:48:26 AM ejercicioML.MlApplication lambda$0
INFORMACIÓN: ID: MLA711874339 || TITLE: Ups Apc Bx1100ci 1100va 6 Tomas Estabilizador Y Protector De Tension Gtia Oficial Para Pc Gamer Con Ahorro De Energia || CATEGORY_ID: MLA1720 || CATEGORY_NAME: UPS
jun 25, 2020 1:48:26 AM ejercicioML.MlApplication lambda$0
INFORMACIÓN: ID: MLA743216897 || TITLE: Notebook Dell Inspiron I7 256ssd + 1t 8gb 15.6 Win10 Gforce  || CATEGORY_ID: MLA1652 || CATEGORY_NAME: Notebooks
jun 25, 2020 1:48:26 AM ejercicioML.MlApplication lambda$0
INFORMACIÓN: ID: MLA837530968 || TITLE: Ups Apc Bk500ei 500va Back-ups 4 Tomas Estabilizador  || CATEGORY_ID: MLA1720 || CATEGORY_NAME: UPS
jun 25, 2020 1:48:26 AM ejercicioML.MlApplication lambda$0
INFORMACIÓN: ID: MLA861220341 || TITLE: Router Linksys Wifi Ea7300 Mimo Smart Router Ac1750 || CATEGORY_ID: MLA430901 || CATEGORY_NAME: Routers
jun 25, 2020 1:48:26 AM ejercicioML.MlApplication lambda$0
INFORMACIÓN: ID: MLA680636274 || TITLE: Router Linksys Mimo smart wifi router ac1750 Gamer Rompemuros Dual Band Gtia Oficial - Factura A Y B || CATEGORY_ID: MLA430901 || CATEGORY_NAME: Routers
jun 25, 2020 1:48:27 AM ejercicioML.MlApplication lambda$0
INFORMACIÓN: ID: MLA604317175 || TITLE: Ups Apc 800va 6 Tomas Estabilizador Y Protector De Tension Gtia Oficial De 2 Años Para Gamer Bx800 Para Tv, Play || CATEGORY_ID: MLA1720 || CATEGORY_NAME: UPS
jun 25, 2020 1:48:27 AM ejercicioML.MlApplication lambda$0
INFORMACIÓN: ID: MLA677079403 || TITLE: Impresora Laser Monocromática Lexmark B2338dw Wifi Blanco Y Negro Libreria Comercial Oficio A4 || CATEGORY_ID: MLA1676 || CATEGORY_NAME: Impresoras
jun 25, 2020 1:48:27 AM ejercicioML.MlApplication lambda$0
INFORMACIÓN: ID: MLA834430429 || TITLE: Notebook Dell Inspiron I7 256ssd + 480ssd 16gb W10gforce  || CATEGORY_ID: MLA1652 || CATEGORY_NAME: Notebooks
jun 25, 2020 1:48:27 AM ejercicioML.MlApplication lambda$0
INFORMACIÓN: ID: MLA795525213 || TITLE: Ups Apc Easy Bv500i-ar 500va Bv500 Gtia Oficial 2 Años || CATEGORY_ID: MLA1720 || CATEGORY_NAME: UPS
jun 25, 2020 1:48:28 AM ejercicioML.MlApplication lambda$0
INFORMACIÓN: ID: MLA685428555 || TITLE: Switch Cisco 16 Puertos Port 10/100/1000 Rack (ex Sg100-16) Para Hogar Y Empresa - Garantia Oficial - Factura A Y B || CATEGORY_ID: MLA1708 || CATEGORY_NAME: Switches
